2023-10-12 11:54:19.9367|INFO|ScanDoc.Logger.Logger|Copied: 123456789-10-001.txt to C:\ScanDoc\Destination\10123456789\10123456789_001
2023-10-12 11:54:19.9545|INFO|ScanDoc.Logger.Logger|Copied: 123456789-10-text - Copy.txt to C:\ScanDoc\Destination\10123456789\10123456789_text - Copy
2023-10-12 11:54:19.9545|INFO|ScanDoc.Logger.Logger|Copied: 123456789-10-text-001.txt to C:\ScanDoc\Destination\10123456789\10123456789_text_001.txt
2023-10-12 11:54:19.9545|INFO|ScanDoc.Logger.Logger|Copied: 123456789-10-text.txt to C:\ScanDoc\Destination\10123456789\10123456789_text
2023-10-12 11:54:19.9545|INFO|ScanDoc.Logger.Logger|Copied: 123456789-10.txt to C:\ScanDoc\Destination\10123456789\10123456789
2023-10-12 11:54:19.9545|INFO|ScanDoc.Logger.Logger|Copied: 232620008-10-001.txt to C:\ScanDoc\Destination\10232620008\10232620008_001
2023-10-12 11:54:19.9545|INFO|ScanDoc.Logger.Logger|Copied: 232620008-10-text-001.txt to C:\ScanDoc\Destination\10232620008\10232620008_text_001.txt
2023-10-12 11:54:19.9545|INFO|ScanDoc.Logger.Logger|Copied: 232620008-10-text.txt to C:\ScanDoc\Destination\10232620008\10232620008_text
2023-10-12 11:54:19.9545|INFO|ScanDoc.Logger.Logger|Copied: 232620008-10.txt to C:\ScanDoc\Destination\10232620008\10232620008
2023-10-12 11:54:19.9545|INFO|ScanDoc.Logger.Logger|Copied: 332620008-10-001.txt to C:\ScanDoc\Destination\10332620008\10332620008_001
2023-10-12 11:54:19.9545|INFO|ScanDoc.Logger.Logger|Copied: 332620008-10-text-001.txt to C:\ScanDoc\Destination\10332620008\10332620008_text_001.txt
2023-10-12 11:54:19.9545|INFO|ScanDoc.Logger.Logger|Copied: 332620008-10-text.txt to C:\ScanDoc\Destination\10332620008\10332620008_text
2023-10-12 11:54:19.9545|INFO|ScanDoc.Logger.Logger|Copied: 332620008-10.txt to C:\ScanDoc\Destination\10332620008\10332620008
2023-10-12 11:54:19.9545|INFO|ScanDoc.Logger.Logger|Copied: 432620008-10-001.txt to C:\ScanDoc\Destination\10432620008\10432620008_001
2023-10-12 11:54:19.9545|INFO|ScanDoc.Logger.Logger|Copied: 432620008-10-text-001.txt to C:\ScanDoc\Destination\10432620008\10432620008_text_001.txt
2023-10-12 11:54:19.9545|INFO|ScanDoc.Logger.Logger|Copied: 432620008-10-text.txt to C:\ScanDoc\Destination\10432620008\10432620008_text
2023-10-12 11:54:19.9545|INFO|ScanDoc.Logger.Logger|Copied: 432620008-10.txt to C:\ScanDoc\Destination\10432620008\10432620008
2023-10-12 11:54:19.9545|INFO|ScanDoc.Logger.Logger|Copied: 532620008-20-001.txt to C:\ScanDoc\Destination\20532620008\20532620008_001
2023-10-12 11:54:19.9545|INFO|ScanDoc.Logger.Logger|Copied: 532620008-20-text-001.txt to C:\ScanDoc\Destination\20532620008\20532620008_text_001.txt
2023-10-12 11:54:19.9545|INFO|ScanDoc.Logger.Logger|Copied: 532620008-20-text.txt to C:\ScanDoc\Destination\20532620008\20532620008_text
2023-10-12 11:54:19.9545|INFO|ScanDoc.Logger.Logger|Copied: 532620008-20.txt to C:\ScanDoc\Destination\20532620008\20532620008
2023-10-12 11:54:19.9545|INFO|ScanDoc.Logger.Logger|Copied: 632620008-30-001.txt to C:\ScanDoc\Destination\30632620008\30632620008_001
2023-10-12 11:54:19.9545|INFO|ScanDoc.Logger.Logger|Copied: 632620008-30-text-001.txt to C:\ScanDoc\Destination\30632620008\30632620008_text_001.txt
2023-10-12 11:54:19.9545|INFO|ScanDoc.Logger.Logger|Copied: 632620008-30-text.txt to C:\ScanDoc\Destination\30632620008\30632620008_text
2023-10-12 11:54:19.9545|INFO|ScanDoc.Logger.Logger|Copied: 632620008-30.txt to C:\ScanDoc\Destination\30632620008\30632620008
2023-10-12 11:54:19.9545|INFO|ScanDoc.Logger.Logger|Copied: 732620008-40-001.txt to C:\ScanDoc\Destination\40732620008\40732620008_001
2023-10-12 11:54:19.9545|INFO|ScanDoc.Logger.Logger|Copied: 732620008-40-text-001.txt to C:\ScanDoc\Destination\40732620008\40732620008_text_001.txt
2023-10-12 11:54:19.9545|INFO|ScanDoc.Logger.Logger|Copied: 732620008-40-text.txt to C:\ScanDoc\Destination\40732620008\40732620008_text
2023-10-12 11:54:19.9545|INFO|ScanDoc.Logger.Logger|Copied: 732620008-40.txt to C:\ScanDoc\Destination\40732620008\40732620008
2023-10-12 11:54:19.9545|INFO|ScanDoc.Logger.Logger|Copied: 832620008-50-001.txt to C:\ScanDoc\Destination\50832620008\50832620008_001
2023-10-12 11:54:19.9545|INFO|ScanDoc.Logger.Logger|Copied: 832620008-50-text-001.txt to C:\ScanDoc\Destination\50832620008\50832620008_text_001.txt
2023-10-12 11:54:19.9545|INFO|ScanDoc.Logger.Logger|Copied: 832620008-50-text.txt to C:\ScanDoc\Destination\50832620008\50832620008_text
2023-10-12 11:54:19.9545|INFO|ScanDoc.Logger.Logger|Copied: 832620008-50.txt to C:\ScanDoc\Destination\50832620008\50832620008
2023-10-12 11:54:19.9676|INFO|ScanDoc.Logger.Logger|Copied: 932620008-60-001.txt to C:\ScanDoc\Destination\60932620008\60932620008_001
2023-10-12 11:54:19.9676|INFO|ScanDoc.Logger.Logger|Copied: 932620008-60-text-001.txt to C:\ScanDoc\Destination\60932620008\60932620008_text_001.txt
2023-10-12 11:54:19.9676|INFO|ScanDoc.Logger.Logger|Copied: 932620008-60-text.txt to C:\ScanDoc\Destination\60932620008\60932620008_text
2023-10-12 11:54:19.9676|INFO|ScanDoc.Logger.Logger|Copied: 932620008-60.txt to C:\ScanDoc\Destination\60932620008\60932620008
2023-10-12 11:54:19.9676|INFO|ScanDoc.Logger.Logger|Copied: 932620008-70-001.txt to C:\ScanDoc\Destination\70932620008\70932620008_001
2023-10-12 11:54:19.9676|INFO|ScanDoc.Logger.Logger|Copied: 932620008-70-text-001.txt to C:\ScanDoc\Destination\70932620008\70932620008_text_001.txt
2023-10-12 11:54:19.9676|INFO|ScanDoc.Logger.Logger|Copied: 932620008-70-text.txt to C:\ScanDoc\Destination\70932620008\70932620008_text
2023-10-12 11:54:19.9676|INFO|ScanDoc.Logger.Logger|Copied: 932620008-70.txt to C:\ScanDoc\Destination\70932620008\70932620008
2023-10-12 11:54:19.9676|INFO|ScanDoc.Logger.Logger|Copied: 932620008-80-001.txt to C:\ScanDoc\Destination\80932620008\80932620008_001
2023-10-12 11:54:19.9676|INFO|ScanDoc.Logger.Logger|Copied: 932620008-80-text-001.txt to C:\ScanDoc\Destination\80932620008\80932620008_text_001.txt
2023-10-12 11:54:19.9676|INFO|ScanDoc.Logger.Logger|Copied: 932620008-80-text.txt to C:\ScanDoc\Destination\80932620008\80932620008_text
2023-10-12 11:54:19.9676|INFO|ScanDoc.Logger.Logger|Copied: 932620008-80.txt to C:\ScanDoc\Destination\80932620008\80932620008
2023-10-12 11:54:19.9676|INFO|ScanDoc.Logger.Logger|Copied: 932620008-90-001.txt to C:\ScanDoc\Destination\90932620008\90932620008_001
2023-10-12 11:54:19.9676|INFO|ScanDoc.Logger.Logger|Copied: 932620008-90-text-001.txt to C:\ScanDoc\Destination\90932620008\90932620008_text_001.txt
2023-10-12 11:54:19.9676|INFO|ScanDoc.Logger.Logger|Copied: 932620008-90-text.txt to C:\ScanDoc\Destination\90932620008\90932620008_text
2023-10-12 11:54:19.9676|INFO|ScanDoc.Logger.Logger|Copied: 932620008-90.txt to C:\ScanDoc\Destination\90932620008\90932620008
2023-10-12 11:54:19.9676|INFO|ScanDoc.Logger.Logger|Processing complete.
